Change Component Designator: Old Designator=D1 New Designator=D?
Change Component Designator: Old Designator=D2 New Designator=D?
Change Component Designator: Old Designator=D3 New Designator=D?
Change Component Designator: Old Designator=D4 New Designator=D?
Change Component Designator: Old Designator=D6 New Designator=D?
Change Component Designator: Old Designator=E2 New Designator=E?
Change Component Designator: Old Designator=E3 New Designator=E?
Change Component Designator: Old Designator=J1 New Designator=J?
Change Component Designator: Old Designator=J2 New Designator=J?
Change Component Designator: Old Designator=J3 New Designator=J?
Change Component Designator: Old Designator=J4 New Designator=J?
Change Component Designator: Old Designator=J5 New Designator=J?
Change Component Designator: Old Designator=J6 New Designator=J?
Change Component Designator: Old Designator=J7 New Designator=J?
Change Component Designator: Old Designator=J8 New Designator=J?
Change Component Designator: Old Designator=J9 New Designator=J?
Change Component Designator: Old Designator=J10 New Designator=J?
Change Component Designator: Old Designator=J New Designator=J?
Change Component Designator: Old Designator=P1 New Designator=P?
Change Component Designator: Old Designator=Q1 New Designator=Q?
Change Component Designator: Old Designator=Q2 New Designator=Q?
Change Component Designator: Old Designator=R1 New Designator=R?
Change Component Designator: Old Designator=R2 New Designator=R?
Change Component Designator: Old Designator=R3 New Designator=R?
Change Component Designator: Old Designator=R4 New Designator=R?
Change Component Designator: Old Designator=R5 New Designator=R?
Change Component Designator: Old Designator=R6 New Designator=R?
Change Component Designator: Old Designator=R8 New Designator=R?
